c:\users\welcome\documents\laptrinhwin\1512475_paint\paint\debug\paint.pch
c:\users\welcome\documents\laptrinhwin\1512475_paint\paint\debug\vc120.pdb
c:\users\welcome\documents\laptrinhwin\1512475_paint\paint\debug\vc120.idb
c:\users\welcome\documents\laptrinhwin\1512475_paint\paint\debug\stdafx.obj
c:\users\welcome\documents\laptrinhwin\1512475_paint\paint\debug\paint.obj
c:\users\welcome\documents\laptrinhwin\1512475_paint\paint\debug\ellipse.obj
c:\users\welcome\documents\laptrinhwin\1512475_paint\paint\debug\line.obj
c:\users\welcome\documents\laptrinhwin\1512475_paint\paint\debug\rectangle.obj
c:\users\welcome\documents\laptrinhwin\1512475_paint\paint\debug\shape.obj
c:\users\welcome\documents\laptrinhwin\1512475_paint\debug\paint.ilk
c:\users\welcome\documents\laptrinhwin\1512475_paint\debug\paint.exe
c:\users\welcome\documents\laptrinhwin\1512475_paint\debug\paint.pdb
c:\users\welcome\documents\laptrinhwin\1512475_paint\paint\debug\paint.res
c:\users\welcome\documents\laptrinhwin\1512475_paint\paint\debug\paint.tlog\cl.command.1.tlog
c:\users\welcome\documents\laptrinhwin\1512475_paint\paint\debug\paint.tlog\cl.read.1.tlog
c:\users\welcome\documents\laptrinhwin\1512475_paint\paint\debug\paint.tlog\cl.write.1.tlog
c:\users\welcome\documents\laptrinhwin\1512475_paint\paint\debug\paint.tlog\link.command.1.tlog
c:\users\welcome\documents\laptrinhwin\1512475_paint\paint\debug\paint.tlog\link.read.1.tlog
c:\users\welcome\documents\laptrinhwin\1512475_paint\paint\debug\paint.tlog\link.write.1.tlog
c:\users\welcome\documents\laptrinhwin\1512475_paint\paint\debug\paint.tlog\rc.command.1.tlog
c:\users\welcome\documents\laptrinhwin\1512475_paint\paint\debug\paint.tlog\rc.read.1.tlog
c:\users\welcome\documents\laptrinhwin\1512475_paint\paint\debug\paint.tlog\rc.write.1.tlog
